2024/02/15 20:01:05 INFO  - jmeter.util.JMeterUtils: Setting Locale to en_US 
2024/02/15 20:01:05 INFO  - jmeter.JMeter: Loading user properties from: /usr/share/jmeter/bin/user.properties 
2024/02/15 20:01:05 INFO  - jmeter.JMeter: Loading system properties from: /usr/share/jmeter/bin/system.properties 
2024/02/15 20:01:05 INFO  - jmeter.JMeter: Copyright (c) 1998-2015 The Apache Software Foundation 
2024/02/15 20:01:05 INFO  - jmeter.JMeter: Version 2.13.19691222 
2024/02/15 20:01:05 INFO  - jmeter.JMeter: java.version=11.0.21 
2024/02/15 20:01:05 INFO  - jmeter.JMeter: java.vm.name=OpenJDK 64-Bit Server VM 
2024/02/15 20:01:05 INFO  - jmeter.JMeter: os.name=Linux 
2024/02/15 20:01:05 INFO  - jmeter.JMeter: os.arch=amd64 
2024/02/15 20:01:05 INFO  - jmeter.JMeter: os.version=6.5.0-17-generic 
2024/02/15 20:01:05 INFO  - jmeter.JMeter: file.encoding=UTF-8 
2024/02/15 20:01:05 INFO  - jmeter.JMeter: Default Locale=English (United States) 
2024/02/15 20:01:05 INFO  - jmeter.JMeter: JMeter  Locale=English (United States) 
2024/02/15 20:01:05 INFO  - jmeter.JMeter: JMeterHome=/usr/share/jmeter 
2024/02/15 20:01:05 INFO  - jmeter.JMeter: user.dir  =/home/nislab-user/Desktop/nislab-research 
2024/02/15 20:01:05 INFO  - jmeter.JMeter: PWD       =/home/nislab-user/Desktop/nislab-research 
2024/02/15 20:01:05 INFO  - jmeter.JMeter: IP: 127.0.1.1 Name: nislab-user FullName: nislab-user 
2024/02/15 20:01:06 INFO  - jmeter.gui.action.LookAndFeelCommand: Using look and feel: javax.swing.plaf.metal.MetalLookAndFeel [Metal, CrossPlatform] 
2024/02/15 20:01:06 INFO  - jmeter.JMeter: Loaded icon properties from org/apache/jmeter/images/icon.properties 
2024/02/15 20:01:06 INFO  - jmeter.engine.util.CompoundVariable: Note: Function class names must contain the string: '.functions.' 
2024/02/15 20:01:06 INFO  - jmeter.engine.util.CompoundVariable: Note: Function class names must not contain the string: '.gui.' 
2024/02/15 20:01:07 INFO  - jmeter.util.BSFTestElement: Registering JMeter version of JavaScript engine as work-round for BSF-22 
2024/02/15 20:01:07 INFO  - jmeter.protocol.http.sampler.HTTPSamplerBase: Cannot find .className property for htmlParser, using default 
2024/02/15 20:01:07 INFO  - jmeter.protocol.http.sampler.HTTPSamplerBase: Parser for text/html is  
2024/02/15 20:01:07 INFO  - jmeter.protocol.http.sampler.HTTPSamplerBase: Parser for application/xhtml+xml is  
2024/02/15 20:01:07 INFO  - jmeter.protocol.http.sampler.HTTPSamplerBase: Parser for application/xml is  
2024/02/15 20:01:07 INFO  - jmeter.protocol.http.sampler.HTTPSamplerBase: Parser for text/xml is  
2024/02/15 20:01:07 INFO  - jmeter.protocol.http.sampler.HTTPSamplerBase: Parser for text/vnd.wap.wml is org.apache.jmeter.protocol.http.parser.RegexpHTMLParser 
2024/02/15 20:01:07 INFO  - jmeter.gui.util.MenuFactory: Skipping org.apache.jmeter.protocol.http.modifier.gui.ParamModifierGui 
2024/02/15 20:01:08 INFO  - jorphan.exec.KeyToolUtils: keytool found at 'keytool' 
2024/02/15 20:01:08 INFO  - jmeter.protocol.http.proxy.ProxyControl: HTTP(S) Test Script Recorder SSL Proxy will use keys that support embedded 3rd party resources in file /usr/share/jmeter/bin/proxyserver.jks 
2024/02/15 20:01:08 INFO  - jmeter.samplers.SampleResult: Note: Sample TimeStamps are START times 
2024/02/15 20:01:08 INFO  - jmeter.samplers.SampleResult: sampleresult.default.encoding is set to ISO-8859-1 
2024/02/15 20:01:08 INFO  - jmeter.samplers.SampleResult: sampleresult.useNanoTime=true 
2024/02/15 20:01:08 INFO  - jmeter.samplers.SampleResult: sampleresult.nanoThreadSleep=5000 
2024/02/15 20:01:19 INFO  - jmeter.services.FileServer: Default base='/home/nislab-user/Desktop/nislab-research' 
2024/02/15 20:01:19 INFO  - jmeter.gui.action.Load: Loading file: /home/nislab-user/Desktop/nislab-research/basic_load_test.jmx 
2024/02/15 20:01:19 INFO  - jmeter.services.FileServer: Set new base='/home/nislab-user/Desktop/nislab-research' 
2024/02/15 20:01:20 INFO  - jmeter.save.SaveService: Testplan (JMX) version: 2.2. Testlog (JTL) version: 2.2 
2024/02/15 20:01:20 INFO  - jmeter.save.SaveService: Using SaveService properties version 2.8 
2024/02/15 20:01:20 INFO  - jmeter.save.SaveService: Using SaveService properties file version 1656252 
2024/02/15 20:01:20 INFO  - jmeter.save.SaveService: Using SaveService properties file encoding UTF-8 
2024/02/15 20:01:20 INFO  - jmeter.save.SaveService: All converter versions present and correct 
2024/02/15 20:01:20 INFO  - jmeter.save.SaveService: Loading file: /home/nislab-user/Desktop/nislab-research/basic_load_test.jmx 
2024/02/15 20:01:20 WARN  - jmeter.gui.action.Load: Unexpected error com.thoughtworks.xstream.security.ForbiddenClassException: org.apache.jmeter.save.ScriptWrapper
	at com.thoughtworks.xstream.security.NoTypePermission.allows(NoTypePermission.java:26)
	at com.thoughtworks.xstream.mapper.SecurityMapper.realClass(SecurityMapper.java:74)
	at com.thoughtworks.xstream.mapper.MapperWrapper.realClass(MapperWrapper.java:125)
	at org.apache.jmeter.save.SaveService$XStreamWrapper$1.realClass(SaveService.java:94)
	at com.thoughtworks.xstream.mapper.MapperWrapper.realClass(MapperWrapper.java:125)
	at com.thoughtworks.xstream.mapper.CachingMapper.realClass(CachingMapper.java:47)
	at com.thoughtworks.xstream.core.util.HierarchicalStreams.readClassType(HierarchicalStreams.java:29)
	at com.thoughtworks.xstream.core.TreeUnmarshaller.start(TreeUnmarshaller.java:133)
	at com.thoughtworks.xstream.core.AbstractTreeMarshallingStrategy.unmarshal(AbstractTreeMarshallingStrategy.java:32)
	at com.thoughtworks.xstream.XStream.unmarshal(XStream.java:1392)
	at com.thoughtworks.xstream.XStream.unmarshal(XStream.java:1377)
	at com.thoughtworks.xstream.XStream.fromXML(XStream.java:1262)
	at org.apache.jmeter.save.SaveService.readTree(SaveService.java:559)
	at org.apache.jmeter.save.SaveService.loadTree(SaveService.java:537)
	at org.apache.jmeter.gui.action.Load.loadProjectFile(Load.java:130)
	at org.apache.jmeter.gui.action.Load.loadProjectFile(Load.java:102)
	at org.apache.jmeter.gui.action.Load.doAction(Load.java:89)
	at org.apache.jmeter.gui.action.ActionRouter.performAction(ActionRouter.java:81)
	at org.apache.jmeter.gui.action.ActionRouter.access$000(ActionRouter.java:40)
	at org.apache.jmeter.gui.action.ActionRouter$1.run(ActionRouter.java:63)
	at java.desktop/java.awt.event.InvocationEvent.dispatch(InvocationEvent.java:313)
	at java.desktop/java.awt.EventQueue.dispatchEventImpl(EventQueue.java:770)
	at java.desktop/java.awt.EventQueue$4.run(EventQueue.java:721)
	at java.desktop/java.awt.EventQueue$4.run(EventQueue.java:715)
	at java.base/java.security.AccessController.doPrivileged(Native Method)
	at java.base/java.security.ProtectionDomain$JavaSecurityAccessImpl.doIntersectionPrivilege(ProtectionDomain.java:85)
	at java.desktop/java.awt.EventQueue.dispatchEvent(EventQueue.java:740)
	at java.desktop/java.awt.EventDispatchThread.pumpOneEventForFilters(EventDispatchThread.java:203)
	at java.desktop/java.awt.EventDispatchThread.pumpEventsForFilter(EventDispatchThread.java:124)
	at java.desktop/java.awt.EventDispatchThread.pumpEventsForHierarchy(EventDispatchThread.java:113)
	at java.desktop/java.awt.EventDispatchThread.pumpEvents(EventDispatchThread.java:109)
	at java.desktop/java.awt.EventDispatchThread.pumpEvents(EventDispatchThread.java:101)
	at java.desktop/java.awt.EventDispatchThread.run(EventDispatchThread.java:90)

2024/02/15 21:10:53 INFO  - jmeter.services.FileServer: Set new base='/home/nislab-user/Desktop/nislab-research' 
2024/02/15 21:10:53 INFO  - jmeter.engine.StandardJMeterEngine: Listeners will be started after enabling running version 
2024/02/15 21:10:53 INFO  - jmeter.engine.StandardJMeterEngine: To revert to the earlier behaviour, define jmeterengine.startlistenerslater=false 
2024/02/15 21:10:53 INFO  - jmeter.engine.StandardJMeterEngine: Running the test! 
2024/02/15 21:10:53 INFO  - jmeter.samplers.SampleEvent: List of sample_variables: [] 
2024/02/15 21:10:53 INFO  - jmeter.samplers.SampleEvent: List of sample_variables: [] 
2024/02/15 21:10:53 INFO  - jmeter.gui.util.JMeterMenuBar: setRunning(true,*local*) 
2024/02/15 21:10:53 INFO  - jmeter.engine.StandardJMeterEngine: Starting ThreadGroup: 1 : Thread Group 
2024/02/15 21:10:53 INFO  - jmeter.engine.StandardJMeterEngine: Starting 10 threads for group Thread Group. 
2024/02/15 21:10:53 INFO  - jmeter.engine.StandardJMeterEngine: Thread will continue on error 
2024/02/15 21:10:53 INFO  - jmeter.threads.ThreadGroup: Starting thread group number 1 threads 10 ramp-up 3 perThread 300.0 delayedStart=false 
2024/02/15 21:10:53 INFO  - jmeter.threads.JMeterThread: jmeterthread.startearlier=true (see jmeter.properties) 
2024/02/15 21:10:53 INFO  - jmeter.threads.JMeterThread: Running PostProcessors in forward order 
2024/02/15 21:10:53 INFO  - jmeter.threads.JMeterThread: Thread started: Thread Group 1-1 
2024/02/15 21:10:53 INFO  - jmeter.threads.ThreadGroup: Started thread group number 1 
2024/02/15 21:10:53 INFO  - jmeter.engine.StandardJMeterEngine: All thread groups have been started 
2024/02/15 21:10:53 INFO  - jmeter.protocol.http.sampler.HTTPHCAbstractImpl: Local host = nislab-user 
2024/02/15 21:10:53 INFO  - jmeter.protocol.http.sampler.HTTPHC4Impl: HTTP request retry count = 0 
2024/02/15 21:10:53 INFO  - jmeter.protocol.http.sampler.HTTPHC4Impl: Setting up HTTPS TrustAll scheme 
2024/02/15 21:10:53 INFO  - jmeter.util.JsseSSLManager: Using default SSL protocol: TLS 
2024/02/15 21:10:53 INFO  - jmeter.util.JsseSSLManager: SSL session context: per-thread 
2024/02/15 21:10:53 INFO  - jmeter.threads.JMeterThread: Thread started: Thread Group 1-2 
2024/02/15 21:10:53 INFO  - jmeter.threads.JMeterThread: Thread started: Thread Group 1-3 
2024/02/15 21:10:54 INFO  - jmeter.threads.JMeterThread: Thread started: Thread Group 1-4 
2024/02/15 21:10:54 INFO  - jmeter.threads.JMeterThread: Thread started: Thread Group 1-5 
2024/02/15 21:10:54 INFO  - jmeter.threads.JMeterThread: Thread started: Thread Group 1-6 
2024/02/15 21:10:54 INFO  - jmeter.threads.JMeterThread: Thread started: Thread Group 1-7 
2024/02/15 21:10:55 INFO  - jmeter.threads.JMeterThread: Thread started: Thread Group 1-8 
2024/02/15 21:10:55 INFO  - jmeter.threads.JMeterThread: Thread started: Thread Group 1-9 
2024/02/15 21:10:55 INFO  - jmeter.threads.JMeterThread: Thread started: Thread Group 1-10 
2024/02/15 21:53:31 INFO  - jmeter.gui.action.Start: Stopping test 
2024/02/15 21:53:31 INFO  - jmeter.threads.JMeterThread: Stopping: Thread Group 1-7 
2024/02/15 21:53:31 INFO  - jmeter.threads.JMeterThread: Stopping: Thread Group 1-10 
2024/02/15 21:53:31 INFO  - jmeter.threads.JMeterThread: Stopping: Thread Group 1-3 
2024/02/15 21:53:31 WARN  - jmeter.util.JMeterUtils: Interrupted in thread Thread Group 1-10 java.lang.InterruptedException
	at java.base/java.lang.Object.wait(Native Method)
	at java.base/java.lang.Object.wait(Object.java:328)
	at java.desktop/java.awt.EventQueue.invokeAndWait(EventQueue.java:1361)
	at java.desktop/java.awt.EventQueue.invokeAndWait(EventQueue.java:1342)
	at java.desktop/javax.swing.SwingUtilities.invokeAndWait(SwingUtilities.java:1480)
	at org.apache.jmeter.util.JMeterUtils.runSafe(JMeterUtils.java:1322)
	at org.apache.jmeter.visualizers.TableVisualizer.add(TableVisualizer.java:169)
	at org.apache.jmeter.reporters.ResultCollector.sendToVisualizer(ResultCollector.java:595)
	at org.apache.jmeter.reporters.ResultCollector.sampleOccurred(ResultCollector.java:571)
	at org.apache.jmeter.threads.ListenerNotifier.notifyListeners(ListenerNotifier.java:84)
	at org.apache.jmeter.threads.JMeterThread.notifyListeners(JMeterThread.java:796)
	at org.apache.jmeter.threads.JMeterThread.process_sampler(JMeterThread.java:456)
	at org.apache.jmeter.threads.JMeterThread.run(JMeterThread.java:261)
	at java.base/java.lang.Thread.run(Thread.java:829)

2024/02/15 21:53:31 WARN  - jmeter.util.JMeterUtils: Interrupted in thread Thread Group 1-7 java.lang.InterruptedException
	at java.base/java.lang.Object.wait(Native Method)
	at java.base/java.lang.Object.wait(Object.java:328)
	at java.desktop/java.awt.EventQueue.invokeAndWait(EventQueue.java:1361)
	at java.desktop/java.awt.EventQueue.invokeAndWait(EventQueue.java:1342)
	at java.desktop/javax.swing.SwingUtilities.invokeAndWait(SwingUtilities.java:1480)
	at org.apache.jmeter.util.JMeterUtils.runSafe(JMeterUtils.java:1322)
	at org.apache.jmeter.visualizers.TableVisualizer.add(TableVisualizer.java:169)
	at org.apache.jmeter.reporters.ResultCollector.sendToVisualizer(ResultCollector.java:595)
	at org.apache.jmeter.reporters.ResultCollector.sampleOccurred(ResultCollector.java:571)
	at org.apache.jmeter.threads.ListenerNotifier.notifyListeners(ListenerNotifier.java:84)
	at org.apache.jmeter.threads.JMeterThread.notifyListeners(JMeterThread.java:796)
	at org.apache.jmeter.threads.JMeterThread.process_sampler(JMeterThread.java:456)
	at org.apache.jmeter.threads.JMeterThread.run(JMeterThread.java:261)
	at java.base/java.lang.Thread.run(Thread.java:829)

2024/02/15 21:53:31 INFO  - jmeter.threads.JMeterThread: Thread finished: Thread Group 1-10 
2024/02/15 21:53:31 INFO  - jmeter.threads.JMeterThread: Stopping: Thread Group 1-1 
2024/02/15 21:53:31 WARN  - jmeter.util.JMeterUtils: Interrupted in thread Thread Group 1-3 java.lang.InterruptedException
	at java.base/java.lang.Object.wait(Native Method)
	at java.base/java.lang.Object.wait(Object.java:328)
	at java.desktop/java.awt.EventQueue.invokeAndWait(EventQueue.java:1361)
	at java.desktop/java.awt.EventQueue.invokeAndWait(EventQueue.java:1342)
	at java.desktop/javax.swing.SwingUtilities.invokeAndWait(SwingUtilities.java:1480)
	at org.apache.jmeter.util.JMeterUtils.runSafe(JMeterUtils.java:1322)
	at org.apache.jmeter.visualizers.TableVisualizer.add(TableVisualizer.java:169)
	at org.apache.jmeter.reporters.ResultCollector.sendToVisualizer(ResultCollector.java:595)
	at org.apache.jmeter.reporters.ResultCollector.sampleOccurred(ResultCollector.java:571)
	at org.apache.jmeter.threads.ListenerNotifier.notifyListeners(ListenerNotifier.java:84)
	at org.apache.jmeter.threads.JMeterThread.notifyListeners(JMeterThread.java:796)
	at org.apache.jmeter.threads.JMeterThread.process_sampler(JMeterThread.java:456)
	at org.apache.jmeter.threads.JMeterThread.run(JMeterThread.java:261)
	at java.base/java.lang.Thread.run(Thread.java:829)

2024/02/15 21:53:31 WARN  - jmeter.util.JMeterUtils: Interrupted in thread Thread Group 1-1 java.lang.InterruptedException
	at java.base/java.lang.Object.wait(Native Method)
	at java.base/java.lang.Object.wait(Object.java:328)
	at java.desktop/java.awt.EventQueue.invokeAndWait(EventQueue.java:1361)
	at java.desktop/java.awt.EventQueue.invokeAndWait(EventQueue.java:1342)
	at java.desktop/javax.swing.SwingUtilities.invokeAndWait(SwingUtilities.java:1480)
	at org.apache.jmeter.util.JMeterUtils.runSafe(JMeterUtils.java:1322)
	at org.apache.jmeter.visualizers.TableVisualizer.add(TableVisualizer.java:169)
	at org.apache.jmeter.reporters.ResultCollector.sendToVisualizer(ResultCollector.java:595)
	at org.apache.jmeter.reporters.ResultCollector.sampleOccurred(ResultCollector.java:571)
	at org.apache.jmeter.threads.ListenerNotifier.notifyListeners(ListenerNotifier.java:84)
	at org.apache.jmeter.threads.JMeterThread.notifyListeners(JMeterThread.java:796)
	at org.apache.jmeter.threads.JMeterThread.process_sampler(JMeterThread.java:456)
	at org.apache.jmeter.threads.JMeterThread.run(JMeterThread.java:261)
	at java.base/java.lang.Thread.run(Thread.java:829)

2024/02/15 21:53:31 INFO  - jmeter.threads.JMeterThread: Stopping: Thread Group 1-2 
2024/02/15 21:53:31 INFO  - jmeter.threads.JMeterThread: Thread finished: Thread Group 1-1 
2024/02/15 21:53:31 INFO  - jmeter.threads.JMeterThread: Thread finished: Thread Group 1-7 
2024/02/15 21:53:31 WARN  - jmeter.util.JMeterUtils: Interrupted in thread Thread Group 1-2 java.lang.InterruptedException
	at java.base/java.lang.Object.wait(Native Method)
	at java.base/java.lang.Object.wait(Object.java:328)
	at java.desktop/java.awt.EventQueue.invokeAndWait(EventQueue.java:1361)
	at java.desktop/java.awt.EventQueue.invokeAndWait(EventQueue.java:1342)
	at java.desktop/javax.swing.SwingUtilities.invokeAndWait(SwingUtilities.java:1480)
	at org.apache.jmeter.util.JMeterUtils.runSafe(JMeterUtils.java:1322)
	at org.apache.jmeter.visualizers.TableVisualizer.add(TableVisualizer.java:169)
	at org.apache.jmeter.reporters.ResultCollector.sendToVisualizer(ResultCollector.java:595)
	at org.apache.jmeter.reporters.ResultCollector.sampleOccurred(ResultCollector.java:571)
	at org.apache.jmeter.threads.ListenerNotifier.notifyListeners(ListenerNotifier.java:84)
	at org.apache.jmeter.threads.JMeterThread.notifyListeners(JMeterThread.java:796)
	at org.apache.jmeter.threads.JMeterThread.process_sampler(JMeterThread.java:456)
	at org.apache.jmeter.threads.JMeterThread.run(JMeterThread.java:261)
	at java.base/java.lang.Thread.run(Thread.java:829)

2024/02/15 21:53:31 INFO  - jmeter.threads.JMeterThread: Thread finished: Thread Group 1-2 
2024/02/15 21:53:31 INFO  - jmeter.threads.JMeterThread: Stopping: Thread Group 1-6 
2024/02/15 21:53:31 INFO  - jmeter.threads.JMeterThread: Thread finished: Thread Group 1-3 
2024/02/15 21:53:31 INFO  - jmeter.threads.JMeterThread: Stopping: Thread Group 1-4 
2024/02/15 21:53:31 INFO  - jmeter.threads.JMeterThread: Stopping: Thread Group 1-8 
2024/02/15 21:53:31 INFO  - jmeter.threads.JMeterThread: Stopping: Thread Group 1-9 
2024/02/15 21:53:31 WARN  - jmeter.util.JMeterUtils: Interrupted in thread Thread Group 1-6 java.lang.InterruptedException
	at java.base/java.lang.Object.wait(Native Method)
	at java.base/java.lang.Object.wait(Object.java:328)
	at java.desktop/java.awt.EventQueue.invokeAndWait(EventQueue.java:1361)
	at java.desktop/java.awt.EventQueue.invokeAndWait(EventQueue.java:1342)
	at java.desktop/javax.swing.SwingUtilities.invokeAndWait(SwingUtilities.java:1480)
	at org.apache.jmeter.util.JMeterUtils.runSafe(JMeterUtils.java:1322)
	at org.apache.jmeter.visualizers.TableVisualizer.add(TableVisualizer.java:169)
	at org.apache.jmeter.reporters.ResultCollector.sendToVisualizer(ResultCollector.java:595)
	at org.apache.jmeter.reporters.ResultCollector.sampleOccurred(ResultCollector.java:571)
	at org.apache.jmeter.threads.ListenerNotifier.notifyListeners(ListenerNotifier.java:84)
	at org.apache.jmeter.threads.JMeterThread.notifyListeners(JMeterThread.java:796)
	at org.apache.jmeter.threads.JMeterThread.process_sampler(JMeterThread.java:456)
	at org.apache.jmeter.threads.JMeterThread.run(JMeterThread.java:261)
	at java.base/java.lang.Thread.run(Thread.java:829)

2024/02/15 21:53:31 WARN  - jmeter.util.JMeterUtils: Interrupted in thread Thread Group 1-9 java.lang.InterruptedException
	at java.base/java.lang.Object.wait(Native Method)
	at java.base/java.lang.Object.wait(Object.java:328)
	at java.desktop/java.awt.EventQueue.invokeAndWait(EventQueue.java:1361)
	at java.desktop/java.awt.EventQueue.invokeAndWait(EventQueue.java:1342)
	at java.desktop/javax.swing.SwingUtilities.invokeAndWait(SwingUtilities.java:1480)
	at org.apache.jmeter.util.JMeterUtils.runSafe(JMeterUtils.java:1322)
	at org.apache.jmeter.visualizers.TableVisualizer.add(TableVisualizer.java:169)
	at org.apache.jmeter.reporters.ResultCollector.sendToVisualizer(ResultCollector.java:595)
	at org.apache.jmeter.reporters.ResultCollector.sampleOccurred(ResultCollector.java:571)
	at org.apache.jmeter.threads.ListenerNotifier.notifyListeners(ListenerNotifier.java:84)
	at org.apache.jmeter.threads.JMeterThread.notifyListeners(JMeterThread.java:796)
	at org.apache.jmeter.threads.JMeterThread.process_sampler(JMeterThread.java:456)
	at org.apache.jmeter.threads.JMeterThread.run(JMeterThread.java:261)
	at java.base/java.lang.Thread.run(Thread.java:829)

2024/02/15 21:53:31 INFO  - jmeter.threads.JMeterThread: Stopping: Thread Group 1-5 
2024/02/15 21:53:31 WARN  - jmeter.util.JMeterUtils: Interrupted in thread Thread Group 1-8 java.lang.InterruptedException
	at java.base/java.lang.Object.wait(Native Method)
	at java.base/java.lang.Object.wait(Object.java:328)
	at java.desktop/java.awt.EventQueue.invokeAndWait(EventQueue.java:1361)
	at java.desktop/java.awt.EventQueue.invokeAndWait(EventQueue.java:1342)
	at java.desktop/javax.swing.SwingUtilities.invokeAndWait(SwingUtilities.java:1480)
	at org.apache.jmeter.util.JMeterUtils.runSafe(JMeterUtils.java:1322)
	at org.apache.jmeter.visualizers.TableVisualizer.add(TableVisualizer.java:169)
	at org.apache.jmeter.reporters.ResultCollector.sendToVisualizer(ResultCollector.java:595)
	at org.apache.jmeter.reporters.ResultCollector.sampleOccurred(ResultCollector.java:571)
	at org.apache.jmeter.threads.ListenerNotifier.notifyListeners(ListenerNotifier.java:84)
	at org.apache.jmeter.threads.JMeterThread.notifyListeners(JMeterThread.java:796)
	at org.apache.jmeter.threads.JMeterThread.process_sampler(JMeterThread.java:456)
	at org.apache.jmeter.threads.JMeterThread.run(JMeterThread.java:261)
	at java.base/java.lang.Thread.run(Thread.java:829)

2024/02/15 21:53:31 WARN  - jmeter.util.JMeterUtils: Interrupted in thread Thread Group 1-4 java.lang.InterruptedException
	at java.base/java.lang.Object.wait(Native Method)
	at java.base/java.lang.Object.wait(Object.java:328)
	at java.desktop/java.awt.EventQueue.invokeAndWait(EventQueue.java:1361)
	at java.desktop/java.awt.EventQueue.invokeAndWait(EventQueue.java:1342)
	at java.desktop/javax.swing.SwingUtilities.invokeAndWait(SwingUtilities.java:1480)
	at org.apache.jmeter.util.JMeterUtils.runSafe(JMeterUtils.java:1322)
	at org.apache.jmeter.visualizers.TableVisualizer.add(TableVisualizer.java:169)
	at org.apache.jmeter.reporters.ResultCollector.sendToVisualizer(ResultCollector.java:595)
	at org.apache.jmeter.reporters.ResultCollector.sampleOccurred(ResultCollector.java:571)
	at org.apache.jmeter.threads.ListenerNotifier.notifyListeners(ListenerNotifier.java:84)
	at org.apache.jmeter.threads.JMeterThread.notifyListeners(JMeterThread.java:796)
	at org.apache.jmeter.threads.JMeterThread.process_sampler(JMeterThread.java:456)
	at org.apache.jmeter.threads.JMeterThread.run(JMeterThread.java:261)
	at java.base/java.lang.Thread.run(Thread.java:829)

2024/02/15 21:53:31 INFO  - jmeter.threads.JMeterThread: Thread finished: Thread Group 1-8 
2024/02/15 21:53:31 INFO  - jmeter.threads.JMeterThread: Thread finished: Thread Group 1-4 
2024/02/15 21:53:31 WARN  - jmeter.util.JMeterUtils: Interrupted in thread Thread Group 1-5 java.lang.InterruptedException
	at java.base/java.lang.Object.wait(Native Method)
	at java.base/java.lang.Object.wait(Object.java:328)
	at java.desktop/java.awt.EventQueue.invokeAndWait(EventQueue.java:1361)
	at java.desktop/java.awt.EventQueue.invokeAndWait(EventQueue.java:1342)
	at java.desktop/javax.swing.SwingUtilities.invokeAndWait(SwingUtilities.java:1480)
	at org.apache.jmeter.util.JMeterUtils.runSafe(JMeterUtils.java:1322)
	at org.apache.jmeter.visualizers.TableVisualizer.add(TableVisualizer.java:169)
	at org.apache.jmeter.reporters.ResultCollector.sendToVisualizer(ResultCollector.java:595)
	at org.apache.jmeter.reporters.ResultCollector.sampleOccurred(ResultCollector.java:571)
	at org.apache.jmeter.threads.ListenerNotifier.notifyListeners(ListenerNotifier.java:84)
	at org.apache.jmeter.threads.JMeterThread.notifyListeners(JMeterThread.java:796)
	at org.apache.jmeter.threads.JMeterThread.process_sampler(JMeterThread.java:456)
	at org.apache.jmeter.threads.JMeterThread.run(JMeterThread.java:261)
	at java.base/java.lang.Thread.run(Thread.java:829)

2024/02/15 21:53:31 INFO  - jmeter.threads.JMeterThread: Thread finished: Thread Group 1-9 
2024/02/15 21:53:31 INFO  - jmeter.threads.JMeterThread: Thread finished: Thread Group 1-5 
2024/02/15 21:53:31 INFO  - jmeter.threads.JMeterThread: Thread finished: Thread Group 1-6 
2024/02/15 21:53:31 INFO  - jmeter.engine.StandardJMeterEngine: Notifying test listeners of end of test 
2024/02/15 21:53:31 INFO  - jmeter.gui.util.JMeterMenuBar: setRunning(false,*local*) 
