2024/02/07 15:11:30 INFO  - jmeter.util.JMeterUtils: Setting Locale to en_US 
2024/02/07 15:11:31 INFO  - jmeter.JMeter: Loading user properties from: /usr/share/jmeter/bin/user.properties 
2024/02/07 15:11:31 INFO  - jmeter.JMeter: Loading system properties from: /usr/share/jmeter/bin/system.properties 
2024/02/07 15:11:31 INFO  - jmeter.JMeter: Copyright (c) 1998-2015 The Apache Software Foundation 
2024/02/07 15:11:31 INFO  - jmeter.JMeter: Version 2.13.19691222 
2024/02/07 15:11:31 INFO  - jmeter.JMeter: java.version=11.0.21 
2024/02/07 15:11:31 INFO  - jmeter.JMeter: java.vm.name=OpenJDK 64-Bit Server VM 
2024/02/07 15:11:31 INFO  - jmeter.JMeter: os.name=Linux 
2024/02/07 15:11:31 INFO  - jmeter.JMeter: os.arch=amd64 
2024/02/07 15:11:31 INFO  - jmeter.JMeter: os.version=6.5.0-15-generic 
2024/02/07 15:11:31 INFO  - jmeter.JMeter: file.encoding=UTF-8 
2024/02/07 15:11:31 INFO  - jmeter.JMeter: Default Locale=English (United States) 
2024/02/07 15:11:31 INFO  - jmeter.JMeter: JMeter  Locale=English (United States) 
2024/02/07 15:11:31 INFO  - jmeter.JMeter: JMeterHome=/usr/share/jmeter 
2024/02/07 15:11:31 INFO  - jmeter.JMeter: user.dir  =/home/nislab-user/Desktop/kubernetes-node-exporter 
2024/02/07 15:11:31 INFO  - jmeter.JMeter: PWD       =/home/nislab-user/Desktop/kubernetes-node-exporter 
2024/02/07 15:11:31 INFO  - jmeter.JMeter: IP: 127.0.1.1 Name: nislab-user FullName: nislab-user 
2024/02/07 15:11:32 INFO  - jmeter.gui.action.LookAndFeelCommand: Using look and feel: javax.swing.plaf.metal.MetalLookAndFeel [Metal, CrossPlatform] 
2024/02/07 15:11:32 INFO  - jmeter.JMeter: Loaded icon properties from org/apache/jmeter/images/icon.properties 
2024/02/07 15:11:33 INFO  - jmeter.engine.util.CompoundVariable: Note: Function class names must contain the string: '.functions.' 
2024/02/07 15:11:33 INFO  - jmeter.engine.util.CompoundVariable: Note: Function class names must not contain the string: '.gui.' 
2024/02/07 15:11:34 INFO  - jmeter.util.BSFTestElement: Registering JMeter version of JavaScript engine as work-round for BSF-22 
2024/02/07 15:11:35 INFO  - jmeter.protocol.http.sampler.HTTPSamplerBase: Cannot find .className property for htmlParser, using default 
2024/02/07 15:11:35 INFO  - jmeter.protocol.http.sampler.HTTPSamplerBase: Parser for text/html is  
2024/02/07 15:11:35 INFO  - jmeter.protocol.http.sampler.HTTPSamplerBase: Parser for application/xhtml+xml is  
2024/02/07 15:11:35 INFO  - jmeter.protocol.http.sampler.HTTPSamplerBase: Parser for application/xml is  
2024/02/07 15:11:35 INFO  - jmeter.protocol.http.sampler.HTTPSamplerBase: Parser for text/xml is  
2024/02/07 15:11:35 INFO  - jmeter.protocol.http.sampler.HTTPSamplerBase: Parser for text/vnd.wap.wml is org.apache.jmeter.protocol.http.parser.RegexpHTMLParser 
2024/02/07 15:11:35 INFO  - jmeter.gui.util.MenuFactory: Skipping org.apache.jmeter.protocol.http.modifier.gui.ParamModifierGui 
2024/02/07 15:11:35 INFO  - jorphan.exec.KeyToolUtils: keytool found at 'keytool' 
2024/02/07 15:11:35 INFO  - jmeter.protocol.http.proxy.ProxyControl: HTTP(S) Test Script Recorder SSL Proxy will use keys that support embedded 3rd party resources in file /usr/share/jmeter/bin/proxyserver.jks 
2024/02/07 15:11:35 INFO  - jmeter.samplers.SampleResult: Note: Sample TimeStamps are START times 
2024/02/07 15:11:35 INFO  - jmeter.samplers.SampleResult: sampleresult.default.encoding is set to ISO-8859-1 
2024/02/07 15:11:35 INFO  - jmeter.samplers.SampleResult: sampleresult.useNanoTime=true 
2024/02/07 15:11:35 INFO  - jmeter.samplers.SampleResult: sampleresult.nanoThreadSleep=5000 
2024/02/07 15:18:07 INFO  - jmeter.engine.StandardJMeterEngine: Listeners will be started after enabling running version 
2024/02/07 15:18:07 INFO  - jmeter.engine.StandardJMeterEngine: To revert to the earlier behaviour, define jmeterengine.startlistenerslater=false 
2024/02/07 15:18:07 INFO  - jmeter.engine.StandardJMeterEngine: Running the test! 
2024/02/07 15:18:07 INFO  - jmeter.samplers.SampleEvent: List of sample_variables: [] 
2024/02/07 15:18:07 INFO  - jmeter.samplers.SampleEvent: List of sample_variables: [] 
2024/02/07 15:18:07 INFO  - jmeter.gui.util.JMeterMenuBar: setRunning(true,*local*) 
2024/02/07 15:18:07 INFO  - jmeter.engine.StandardJMeterEngine: Starting ThreadGroup: 1 : Thread Group 
2024/02/07 15:18:07 INFO  - jmeter.engine.StandardJMeterEngine: Starting 10 threads for group Thread Group. 
2024/02/07 15:18:07 INFO  - jmeter.engine.StandardJMeterEngine: Thread will continue on error 
2024/02/07 15:18:07 INFO  - jmeter.threads.ThreadGroup: Starting thread group number 1 threads 10 ramp-up 1 perThread 100.0 delayedStart=false 
2024/02/07 15:18:07 INFO  - jmeter.threads.JMeterThread: jmeterthread.startearlier=true (see jmeter.properties) 
2024/02/07 15:18:07 INFO  - jmeter.threads.JMeterThread: Running PostProcessors in forward order 
2024/02/07 15:18:07 INFO  - jmeter.threads.ThreadGroup: Started thread group number 1 
2024/02/07 15:18:07 INFO  - jmeter.engine.StandardJMeterEngine: All thread groups have been started 
2024/02/07 15:18:07 INFO  - jmeter.threads.JMeterThread: Thread started: Thread Group 1-1 
2024/02/07 15:18:07 INFO  - jmeter.protocol.http.sampler.HTTPHCAbstractImpl: Local host = nislab-user 
2024/02/07 15:18:07 INFO  - jmeter.protocol.http.sampler.HTTPHC4Impl: HTTP request retry count = 0 
2024/02/07 15:18:07 INFO  - jmeter.protocol.http.sampler.HTTPHC4Impl: Setting up HTTPS TrustAll scheme 
2024/02/07 15:18:07 INFO  - jmeter.threads.JMeterThread: Thread started: Thread Group 1-2 
2024/02/07 15:18:07 INFO  - jmeter.util.JsseSSLManager: Using default SSL protocol: TLS 
2024/02/07 15:18:07 INFO  - jmeter.util.JsseSSLManager: SSL session context: per-thread 
2024/02/07 15:18:07 INFO  - jmeter.threads.JMeterThread: Thread started: Thread Group 1-3 
2024/02/07 15:18:07 INFO  - jmeter.threads.JMeterThread: Thread started: Thread Group 1-4 
2024/02/07 15:18:07 INFO  - jmeter.threads.JMeterThread: Thread started: Thread Group 1-5 
2024/02/07 15:18:07 INFO  - jmeter.threads.JMeterThread: Thread started: Thread Group 1-6 
2024/02/07 15:18:07 INFO  - jmeter.threads.JMeterThread: Thread started: Thread Group 1-7 
2024/02/07 15:18:08 INFO  - jmeter.threads.JMeterThread: Thread started: Thread Group 1-8 
2024/02/07 15:18:08 INFO  - jmeter.threads.JMeterThread: Thread started: Thread Group 1-9 
2024/02/07 15:18:08 INFO  - jmeter.threads.JMeterThread: Thread started: Thread Group 1-10 
2024/02/07 15:18:10 INFO  - jmeter.gui.action.Start: Stopping test 
2024/02/07 15:18:10 INFO  - jmeter.threads.JMeterThread: Stopping: Thread Group 1-1 
2024/02/07 15:18:10 INFO  - jmeter.threads.JMeterThread: Stopping: Thread Group 1-5 
2024/02/07 15:18:10 INFO  - jmeter.threads.JMeterThread: Stopping: Thread Group 1-9 
2024/02/07 15:18:10 INFO  - jmeter.threads.JMeterThread: Stopping: Thread Group 1-7 
2024/02/07 15:18:10 WARN  - jmeter.util.JMeterUtils: Interrupted in thread Thread Group 1-9 java.lang.InterruptedException
	at java.base/java.lang.Object.wait(Native Method)
	at java.base/java.lang.Object.wait(Object.java:328)
	at java.desktop/java.awt.EventQueue.invokeAndWait(EventQueue.java:1361)
	at java.desktop/java.awt.EventQueue.invokeAndWait(EventQueue.java:1342)
	at java.desktop/javax.swing.SwingUtilities.invokeAndWait(SwingUtilities.java:1480)
	at org.apache.jmeter.util.JMeterUtils.runSafe(JMeterUtils.java:1322)
	at org.apache.jmeter.visualizers.ViewResultsFullVisualizer.add(ViewResultsFullVisualizer.java:134)
	at org.apache.jmeter.reporters.ResultCollector.sendToVisualizer(ResultCollector.java:595)
	at org.apache.jmeter.reporters.ResultCollector.sampleOccurred(ResultCollector.java:571)
	at org.apache.jmeter.threads.ListenerNotifier.notifyListeners(ListenerNotifier.java:84)
	at org.apache.jmeter.threads.JMeterThread.notifyListeners(JMeterThread.java:796)
	at org.apache.jmeter.threads.JMeterThread.process_sampler(JMeterThread.java:456)
	at org.apache.jmeter.threads.JMeterThread.run(JMeterThread.java:261)
	at java.base/java.lang.Thread.run(Thread.java:829)

2024/02/07 15:18:10 WARN  - jmeter.util.JMeterUtils: Interrupted in thread Thread Group 1-1 java.lang.InterruptedException
	at java.base/java.lang.Object.wait(Native Method)
	at java.base/java.lang.Object.wait(Object.java:328)
	at java.desktop/java.awt.EventQueue.invokeAndWait(EventQueue.java:1361)
	at java.desktop/java.awt.EventQueue.invokeAndWait(EventQueue.java:1342)
	at java.desktop/javax.swing.SwingUtilities.invokeAndWait(SwingUtilities.java:1480)
	at org.apache.jmeter.util.JMeterUtils.runSafe(JMeterUtils.java:1322)
	at org.apache.jmeter.visualizers.ViewResultsFullVisualizer.add(ViewResultsFullVisualizer.java:134)
	at org.apache.jmeter.reporters.ResultCollector.sendToVisualizer(ResultCollector.java:595)
	at org.apache.jmeter.reporters.ResultCollector.sampleOccurred(ResultCollector.java:571)
	at org.apache.jmeter.threads.ListenerNotifier.notifyListeners(ListenerNotifier.java:84)
	at org.apache.jmeter.threads.JMeterThread.notifyListeners(JMeterThread.java:796)
	at org.apache.jmeter.threads.JMeterThread.process_sampler(JMeterThread.java:456)
	at org.apache.jmeter.threads.JMeterThread.run(JMeterThread.java:261)
	at java.base/java.lang.Thread.run(Thread.java:829)

2024/02/07 15:18:10 WARN  - jmeter.util.JMeterUtils: Interrupted in thread Thread Group 1-5 java.lang.InterruptedException
	at java.base/java.lang.Object.wait(Native Method)
	at java.base/java.lang.Object.wait(Object.java:328)
	at java.desktop/java.awt.EventQueue.invokeAndWait(EventQueue.java:1361)
	at java.desktop/java.awt.EventQueue.invokeAndWait(EventQueue.java:1342)
	at java.desktop/javax.swing.SwingUtilities.invokeAndWait(SwingUtilities.java:1480)
	at org.apache.jmeter.util.JMeterUtils.runSafe(JMeterUtils.java:1322)
	at org.apache.jmeter.visualizers.ViewResultsFullVisualizer.add(ViewResultsFullVisualizer.java:134)
	at org.apache.jmeter.reporters.ResultCollector.sendToVisualizer(ResultCollector.java:595)
	at org.apache.jmeter.reporters.ResultCollector.sampleOccurred(ResultCollector.java:571)
	at org.apache.jmeter.threads.ListenerNotifier.notifyListeners(ListenerNotifier.java:84)
	at org.apache.jmeter.threads.JMeterThread.notifyListeners(JMeterThread.java:796)
	at org.apache.jmeter.threads.JMeterThread.process_sampler(JMeterThread.java:456)
	at org.apache.jmeter.threads.JMeterThread.run(JMeterThread.java:261)
	at java.base/java.lang.Thread.run(Thread.java:829)

2024/02/07 15:18:10 INFO  - jmeter.threads.JMeterThread: Thread finished: Thread Group 1-1 
2024/02/07 15:18:10 INFO  - jmeter.threads.JMeterThread: Thread finished: Thread Group 1-9 
2024/02/07 15:18:10 WARN  - jmeter.util.JMeterUtils: Interrupted in thread Thread Group 1-7 java.lang.InterruptedException
	at java.base/java.lang.Object.wait(Native Method)
	at java.base/java.lang.Object.wait(Object.java:328)
	at java.desktop/java.awt.EventQueue.invokeAndWait(EventQueue.java:1361)
	at java.desktop/java.awt.EventQueue.invokeAndWait(EventQueue.java:1342)
	at java.desktop/javax.swing.SwingUtilities.invokeAndWait(SwingUtilities.java:1480)
	at org.apache.jmeter.util.JMeterUtils.runSafe(JMeterUtils.java:1322)
	at org.apache.jmeter.visualizers.ViewResultsFullVisualizer.add(ViewResultsFullVisualizer.java:134)
	at org.apache.jmeter.reporters.ResultCollector.sendToVisualizer(ResultCollector.java:595)
	at org.apache.jmeter.reporters.ResultCollector.sampleOccurred(ResultCollector.java:571)
	at org.apache.jmeter.threads.ListenerNotifier.notifyListeners(ListenerNotifier.java:84)
	at org.apache.jmeter.threads.JMeterThread.notifyListeners(JMeterThread.java:796)
	at org.apache.jmeter.threads.JMeterThread.process_sampler(JMeterThread.java:456)
	at org.apache.jmeter.threads.JMeterThread.run(JMeterThread.java:261)
	at java.base/java.lang.Thread.run(Thread.java:829)

2024/02/07 15:18:10 INFO  - jmeter.threads.JMeterThread: Stopping: Thread Group 1-8 
2024/02/07 15:18:10 INFO  - jmeter.threads.JMeterThread: Thread finished: Thread Group 1-7 
2024/02/07 15:18:10 WARN  - jmeter.util.JMeterUtils: Interrupted in thread Thread Group 1-8 java.lang.InterruptedException
	at java.base/java.lang.Object.wait(Native Method)
	at java.base/java.lang.Object.wait(Object.java:328)
	at java.desktop/java.awt.EventQueue.invokeAndWait(EventQueue.java:1361)
	at java.desktop/java.awt.EventQueue.invokeAndWait(EventQueue.java:1342)
	at java.desktop/javax.swing.SwingUtilities.invokeAndWait(SwingUtilities.java:1480)
	at org.apache.jmeter.util.JMeterUtils.runSafe(JMeterUtils.java:1322)
	at org.apache.jmeter.visualizers.ViewResultsFullVisualizer.add(ViewResultsFullVisualizer.java:134)
	at org.apache.jmeter.reporters.ResultCollector.sendToVisualizer(ResultCollector.java:595)
	at org.apache.jmeter.reporters.ResultCollector.sampleOccurred(ResultCollector.java:571)
	at org.apache.jmeter.threads.ListenerNotifier.notifyListeners(ListenerNotifier.java:84)
	at org.apache.jmeter.threads.JMeterThread.notifyListeners(JMeterThread.java:796)
	at org.apache.jmeter.threads.JMeterThread.process_sampler(JMeterThread.java:456)
	at org.apache.jmeter.threads.JMeterThread.run(JMeterThread.java:261)
	at java.base/java.lang.Thread.run(Thread.java:829)

2024/02/07 15:18:10 INFO  - jmeter.threads.JMeterThread: Thread finished: Thread Group 1-5 
2024/02/07 15:18:10 INFO  - jmeter.threads.JMeterThread: Thread finished: Thread Group 1-8 
2024/02/07 15:18:10 INFO  - jmeter.threads.JMeterThread: Stopping: Thread Group 1-10 
2024/02/07 15:18:10 WARN  - jmeter.util.JMeterUtils: Interrupted in thread Thread Group 1-10 java.lang.InterruptedException
	at java.base/java.lang.Object.wait(Native Method)
	at java.base/java.lang.Object.wait(Object.java:328)
	at java.desktop/java.awt.EventQueue.invokeAndWait(EventQueue.java:1361)
	at java.desktop/java.awt.EventQueue.invokeAndWait(EventQueue.java:1342)
	at java.desktop/javax.swing.SwingUtilities.invokeAndWait(SwingUtilities.java:1480)
	at org.apache.jmeter.util.JMeterUtils.runSafe(JMeterUtils.java:1322)
	at org.apache.jmeter.visualizers.ViewResultsFullVisualizer.add(ViewResultsFullVisualizer.java:134)
	at org.apache.jmeter.reporters.ResultCollector.sendToVisualizer(ResultCollector.java:595)
	at org.apache.jmeter.reporters.ResultCollector.sampleOccurred(ResultCollector.java:571)
	at org.apache.jmeter.threads.ListenerNotifier.notifyListeners(ListenerNotifier.java:84)
	at org.apache.jmeter.threads.JMeterThread.notifyListeners(JMeterThread.java:796)
	at org.apache.jmeter.threads.JMeterThread.process_sampler(JMeterThread.java:456)
	at org.apache.jmeter.threads.JMeterThread.run(JMeterThread.java:261)
	at java.base/java.lang.Thread.run(Thread.java:829)

2024/02/07 15:18:10 INFO  - jmeter.threads.JMeterThread: Thread finished: Thread Group 1-10 
2024/02/07 15:18:10 INFO  - jmeter.threads.JMeterThread: Stopping: Thread Group 1-4 
2024/02/07 15:18:10 WARN  - jmeter.threads.JMeterThread: Interrupting: Thread Group 1-4 sampler: HTTP Request 
2024/02/07 15:18:10 WARN  - jmeter.threads.JMeterThread: No operation pending 
2024/02/07 15:18:10 INFO  - jmeter.threads.JMeterThread: Stopping: Thread Group 1-3 
2024/02/07 15:18:10 WARN  - jmeter.util.JMeterUtils: Interrupted in thread Thread Group 1-4 java.lang.InterruptedException
	at java.base/java.lang.Object.wait(Native Method)
	at java.base/java.lang.Object.wait(Object.java:328)
	at java.desktop/java.awt.EventQueue.invokeAndWait(EventQueue.java:1361)
	at java.desktop/java.awt.EventQueue.invokeAndWait(EventQueue.java:1342)
	at java.desktop/javax.swing.SwingUtilities.invokeAndWait(SwingUtilities.java:1480)
	at org.apache.jmeter.util.JMeterUtils.runSafe(JMeterUtils.java:1322)
	at org.apache.jmeter.visualizers.ViewResultsFullVisualizer.add(ViewResultsFullVisualizer.java:134)
	at org.apache.jmeter.reporters.ResultCollector.sendToVisualizer(ResultCollector.java:595)
	at org.apache.jmeter.reporters.ResultCollector.sampleOccurred(ResultCollector.java:571)
	at org.apache.jmeter.threads.ListenerNotifier.notifyListeners(ListenerNotifier.java:84)
	at org.apache.jmeter.threads.JMeterThread.notifyListeners(JMeterThread.java:796)
	at org.apache.jmeter.threads.JMeterThread.process_sampler(JMeterThread.java:456)
	at org.apache.jmeter.threads.JMeterThread.run(JMeterThread.java:261)
	at java.base/java.lang.Thread.run(Thread.java:829)

2024/02/07 15:18:10 INFO  - jmeter.threads.JMeterThread: Stopping: Thread Group 1-2 
2024/02/07 15:18:10 INFO  - jmeter.threads.JMeterThread: Thread finished: Thread Group 1-4 
2024/02/07 15:18:10 WARN  - jmeter.util.JMeterUtils: Interrupted in thread Thread Group 1-3 java.lang.InterruptedException
	at java.base/java.lang.Object.wait(Native Method)
	at java.base/java.lang.Object.wait(Object.java:328)
	at java.desktop/java.awt.EventQueue.invokeAndWait(EventQueue.java:1361)
	at java.desktop/java.awt.EventQueue.invokeAndWait(EventQueue.java:1342)
	at java.desktop/javax.swing.SwingUtilities.invokeAndWait(SwingUtilities.java:1480)
	at org.apache.jmeter.util.JMeterUtils.runSafe(JMeterUtils.java:1322)
	at org.apache.jmeter.visualizers.ViewResultsFullVisualizer.add(ViewResultsFullVisualizer.java:134)
	at org.apache.jmeter.reporters.ResultCollector.sendToVisualizer(ResultCollector.java:595)
	at org.apache.jmeter.reporters.ResultCollector.sampleOccurred(ResultCollector.java:571)
	at org.apache.jmeter.threads.ListenerNotifier.notifyListeners(ListenerNotifier.java:84)
	at org.apache.jmeter.threads.JMeterThread.notifyListeners(JMeterThread.java:796)
	at org.apache.jmeter.threads.JMeterThread.process_sampler(JMeterThread.java:456)
	at org.apache.jmeter.threads.JMeterThread.run(JMeterThread.java:261)
	at java.base/java.lang.Thread.run(Thread.java:829)

2024/02/07 15:18:10 WARN  - jmeter.util.JMeterUtils: Interrupted in thread Thread Group 1-2 java.lang.InterruptedException
	at java.base/java.lang.Object.wait(Native Method)
	at java.base/java.lang.Object.wait(Object.java:328)
	at java.desktop/java.awt.EventQueue.invokeAndWait(EventQueue.java:1361)
	at java.desktop/java.awt.EventQueue.invokeAndWait(EventQueue.java:1342)
	at java.desktop/javax.swing.SwingUtilities.invokeAndWait(SwingUtilities.java:1480)
	at org.apache.jmeter.util.JMeterUtils.runSafe(JMeterUtils.java:1322)
	at org.apache.jmeter.visualizers.ViewResultsFullVisualizer.add(ViewResultsFullVisualizer.java:134)
	at org.apache.jmeter.reporters.ResultCollector.sendToVisualizer(ResultCollector.java:595)
	at org.apache.jmeter.reporters.ResultCollector.sampleOccurred(ResultCollector.java:571)
	at org.apache.jmeter.threads.ListenerNotifier.notifyListeners(ListenerNotifier.java:84)
	at org.apache.jmeter.threads.JMeterThread.notifyListeners(JMeterThread.java:796)
	at org.apache.jmeter.threads.JMeterThread.process_sampler(JMeterThread.java:456)
	at org.apache.jmeter.threads.JMeterThread.run(JMeterThread.java:261)
	at java.base/java.lang.Thread.run(Thread.java:829)

2024/02/07 15:18:10 INFO  - jmeter.threads.JMeterThread: Thread finished: Thread Group 1-2 
2024/02/07 15:18:10 INFO  - jmeter.threads.JMeterThread: Stopping: Thread Group 1-6 
2024/02/07 15:18:10 INFO  - jmeter.threads.JMeterThread: Thread finished: Thread Group 1-3 
2024/02/07 15:18:10 WARN  - jmeter.util.JMeterUtils: Interrupted in thread Thread Group 1-6 java.lang.InterruptedException
	at java.base/java.lang.Object.wait(Native Method)
	at java.base/java.lang.Object.wait(Object.java:328)
	at java.desktop/java.awt.EventQueue.invokeAndWait(EventQueue.java:1361)
	at java.desktop/java.awt.EventQueue.invokeAndWait(EventQueue.java:1342)
	at java.desktop/javax.swing.SwingUtilities.invokeAndWait(SwingUtilities.java:1480)
	at org.apache.jmeter.util.JMeterUtils.runSafe(JMeterUtils.java:1322)
	at org.apache.jmeter.visualizers.ViewResultsFullVisualizer.add(ViewResultsFullVisualizer.java:134)
	at org.apache.jmeter.reporters.ResultCollector.sendToVisualizer(ResultCollector.java:595)
	at org.apache.jmeter.reporters.ResultCollector.sampleOccurred(ResultCollector.java:571)
	at org.apache.jmeter.threads.ListenerNotifier.notifyListeners(ListenerNotifier.java:84)
	at org.apache.jmeter.threads.JMeterThread.notifyListeners(JMeterThread.java:796)
	at org.apache.jmeter.threads.JMeterThread.process_sampler(JMeterThread.java:456)
	at org.apache.jmeter.threads.JMeterThread.run(JMeterThread.java:261)
	at java.base/java.lang.Thread.run(Thread.java:829)

2024/02/07 15:18:10 INFO  - jmeter.threads.JMeterThread: Thread finished: Thread Group 1-6 
2024/02/07 15:18:10 INFO  - jmeter.engine.StandardJMeterEngine: Notifying test listeners of end of test 
2024/02/07 15:18:10 INFO  - jmeter.services.FileServer: Default base='/home/nislab-user/Desktop/kubernetes-node-exporter' 
2024/02/07 15:18:10 INFO  - jmeter.gui.util.JMeterMenuBar: setRunning(false,*local*) 
2024/02/07 15:18:29 INFO  - jmeter.services.FileServer: Set new base='/home/nislab-user/Desktop' 
2024/02/07 15:18:29 INFO  - jmeter.save.SaveService: Testplan (JMX) version: 2.2. Testlog (JTL) version: 2.2 
2024/02/07 15:18:29 INFO  - jmeter.save.SaveService: Using SaveService properties version 2.8 
2024/02/07 15:18:29 INFO  - jmeter.save.SaveService: Using SaveService properties file version 1656252 
2024/02/07 15:18:29 INFO  - jmeter.save.SaveService: Using SaveService properties file encoding UTF-8 
2024/02/07 15:18:29 INFO  - jmeter.save.SaveService: All converter versions present and correct 
2024/02/07 15:19:21 INFO  - jmeter.engine.StandardJMeterEngine: Running the test! 
2024/02/07 15:19:21 INFO  - jmeter.samplers.SampleEvent: List of sample_variables: [] 
2024/02/07 15:19:21 INFO  - jmeter.gui.util.JMeterMenuBar: setRunning(true,*local*) 
2024/02/07 15:19:21 INFO  - jmeter.engine.StandardJMeterEngine: Starting ThreadGroup: 1 : Thread Group 
2024/02/07 15:19:21 INFO  - jmeter.engine.StandardJMeterEngine: Starting 10 threads for group Thread Group. 
2024/02/07 15:19:21 INFO  - jmeter.engine.StandardJMeterEngine: Thread will continue on error 
2024/02/07 15:19:21 INFO  - jmeter.threads.ThreadGroup: Starting thread group number 1 threads 10 ramp-up 1 perThread 100.0 delayedStart=false 
2024/02/07 15:19:21 INFO  - jmeter.threads.JMeterThread: Thread started: Thread Group 1-1 
2024/02/07 15:19:21 INFO  - jmeter.threads.ThreadGroup: Started thread group number 1 
2024/02/07 15:19:21 INFO  - jmeter.engine.StandardJMeterEngine: All thread groups have been started 
2024/02/07 15:19:21 INFO  - jmeter.threads.JMeterThread: Thread started: Thread Group 1-2 
2024/02/07 15:19:21 INFO  - jmeter.threads.JMeterThread: Thread started: Thread Group 1-3 
2024/02/07 15:19:21 INFO  - jmeter.threads.JMeterThread: Thread started: Thread Group 1-4 
2024/02/07 15:19:22 INFO  - jmeter.threads.JMeterThread: Thread started: Thread Group 1-5 
2024/02/07 15:19:22 INFO  - jmeter.threads.JMeterThread: Thread started: Thread Group 1-6 
2024/02/07 15:19:22 INFO  - jmeter.threads.JMeterThread: Thread started: Thread Group 1-7 
2024/02/07 15:19:22 INFO  - jmeter.threads.JMeterThread: Thread started: Thread Group 1-8 
2024/02/07 15:19:22 INFO  - jmeter.threads.JMeterThread: Thread started: Thread Group 1-9 
2024/02/07 15:19:22 INFO  - jmeter.threads.JMeterThread: Thread started: Thread Group 1-10 
2024/02/07 15:19:24 INFO  - jmeter.threads.JMeterThread: Thread is done: Thread Group 1-1 
2024/02/07 15:19:24 INFO  - jmeter.threads.JMeterThread: Thread finished: Thread Group 1-1 
2024/02/07 15:19:24 INFO  - jmeter.threads.JMeterThread: Thread is done: Thread Group 1-2 
2024/02/07 15:19:24 INFO  - jmeter.threads.JMeterThread: Thread finished: Thread Group 1-2 
2024/02/07 15:19:25 INFO  - jmeter.threads.JMeterThread: Thread is done: Thread Group 1-3 
2024/02/07 15:19:25 INFO  - jmeter.threads.JMeterThread: Thread finished: Thread Group 1-3 
2024/02/07 15:19:25 INFO  - jmeter.threads.JMeterThread: Thread is done: Thread Group 1-4 
2024/02/07 15:19:25 INFO  - jmeter.threads.JMeterThread: Thread finished: Thread Group 1-4 
2024/02/07 15:19:25 INFO  - jmeter.threads.JMeterThread: Thread is done: Thread Group 1-5 
2024/02/07 15:19:25 INFO  - jmeter.threads.JMeterThread: Thread finished: Thread Group 1-5 
2024/02/07 15:19:26 INFO  - jmeter.threads.JMeterThread: Thread is done: Thread Group 1-6 
2024/02/07 15:19:26 INFO  - jmeter.threads.JMeterThread: Thread finished: Thread Group 1-6 
2024/02/07 15:19:26 INFO  - jmeter.threads.JMeterThread: Thread is done: Thread Group 1-7 
2024/02/07 15:19:26 INFO  - jmeter.threads.JMeterThread: Thread finished: Thread Group 1-7 
2024/02/07 15:19:26 INFO  - jmeter.threads.JMeterThread: Thread is done: Thread Group 1-8 
2024/02/07 15:19:26 INFO  - jmeter.threads.JMeterThread: Thread finished: Thread Group 1-8 
2024/02/07 15:19:26 INFO  - jmeter.threads.JMeterThread: Thread is done: Thread Group 1-9 
2024/02/07 15:19:26 INFO  - jmeter.threads.JMeterThread: Thread finished: Thread Group 1-9 
2024/02/07 15:19:26 INFO  - jmeter.threads.JMeterThread: Thread is done: Thread Group 1-10 
2024/02/07 15:19:26 INFO  - jmeter.threads.JMeterThread: Thread finished: Thread Group 1-10 
2024/02/07 15:19:26 INFO  - jmeter.engine.StandardJMeterEngine: Notifying test listeners of end of test 
2024/02/07 15:19:26 INFO  - jmeter.gui.util.JMeterMenuBar: setRunning(false,*local*) 
2024/02/07 15:20:29 INFO  - jmeter.engine.StandardJMeterEngine: Running the test! 
2024/02/07 15:20:29 INFO  - jmeter.samplers.SampleEvent: List of sample_variables: [] 
2024/02/07 15:20:29 INFO  - jmeter.gui.util.JMeterMenuBar: setRunning(true,*local*) 
2024/02/07 15:20:29 INFO  - jmeter.engine.StandardJMeterEngine: Starting ThreadGroup: 1 : Thread Group 
2024/02/07 15:20:29 INFO  - jmeter.engine.StandardJMeterEngine: Starting 10 threads for group Thread Group. 
2024/02/07 15:20:29 INFO  - jmeter.engine.StandardJMeterEngine: Thread will continue on error 
2024/02/07 15:20:29 INFO  - jmeter.threads.ThreadGroup: Starting thread group number 1 threads 10 ramp-up 2 perThread 200.0 delayedStart=false 
2024/02/07 15:20:29 INFO  - jmeter.threads.JMeterThread: Thread started: Thread Group 1-1 
2024/02/07 15:20:29 INFO  - jmeter.threads.ThreadGroup: Started thread group number 1 
2024/02/07 15:20:29 INFO  - jmeter.engine.StandardJMeterEngine: All thread groups have been started 
2024/02/07 15:20:29 INFO  - jmeter.threads.JMeterThread: Thread started: Thread Group 1-2 
2024/02/07 15:20:30 INFO  - jmeter.threads.JMeterThread: Thread started: Thread Group 1-3 
2024/02/07 15:20:30 INFO  - jmeter.threads.JMeterThread: Thread started: Thread Group 1-4 
2024/02/07 15:20:30 INFO  - jmeter.threads.JMeterThread: Thread started: Thread Group 1-5 
2024/02/07 15:20:30 INFO  - jmeter.threads.JMeterThread: Thread started: Thread Group 1-6 
2024/02/07 15:20:30 INFO  - jmeter.threads.JMeterThread: Thread started: Thread Group 1-7 
2024/02/07 15:20:31 INFO  - jmeter.threads.JMeterThread: Thread started: Thread Group 1-8 
2024/02/07 15:20:31 INFO  - jmeter.threads.JMeterThread: Thread started: Thread Group 1-9 
2024/02/07 15:20:31 INFO  - jmeter.threads.JMeterThread: Thread started: Thread Group 1-10 
2024/02/07 15:27:02 INFO  - jmeter.gui.action.Start: Stopping test 
2024/02/07 15:27:02 INFO  - jmeter.threads.JMeterThread: Stopping: Thread Group 1-7 
2024/02/07 15:27:02 INFO  - jmeter.threads.JMeterThread: Stopping: Thread Group 1-9 
2024/02/07 15:27:02 INFO  - jmeter.threads.JMeterThread: Stopping: Thread Group 1-2 
2024/02/07 15:27:02 INFO  - jmeter.threads.JMeterThread: Stopping: Thread Group 1-4 
2024/02/07 15:27:02 INFO  - jmeter.threads.JMeterThread: Stopping: Thread Group 1-1 
2024/02/07 15:27:02 WARN  - jmeter.util.JMeterUtils: Interrupted in thread Thread Group 1-4 java.lang.InterruptedException
	at java.base/java.lang.Object.wait(Native Method)
	at java.base/java.lang.Object.wait(Object.java:328)
	at java.desktop/java.awt.EventQueue.invokeAndWait(EventQueue.java:1361)
	at java.desktop/java.awt.EventQueue.invokeAndWait(EventQueue.java:1342)
	at java.desktop/javax.swing.SwingUtilities.invokeAndWait(SwingUtilities.java:1480)
	at org.apache.jmeter.util.JMeterUtils.runSafe(JMeterUtils.java:1322)
	at org.apache.jmeter.visualizers.ViewResultsFullVisualizer.add(ViewResultsFullVisualizer.java:134)
	at org.apache.jmeter.reporters.ResultCollector.sendToVisualizer(ResultCollector.java:595)
	at org.apache.jmeter.reporters.ResultCollector.sampleOccurred(ResultCollector.java:571)
	at org.apache.jmeter.threads.ListenerNotifier.notifyListeners(ListenerNotifier.java:84)
	at org.apache.jmeter.threads.JMeterThread.notifyListeners(JMeterThread.java:796)
	at org.apache.jmeter.threads.JMeterThread.process_sampler(JMeterThread.java:456)
	at org.apache.jmeter.threads.JMeterThread.run(JMeterThread.java:261)
	at java.base/java.lang.Thread.run(Thread.java:829)

2024/02/07 15:27:02 WARN  - jmeter.util.JMeterUtils: Interrupted in thread Thread Group 1-7 java.lang.InterruptedException
	at java.base/java.lang.Object.wait(Native Method)
	at java.base/java.lang.Object.wait(Object.java:328)
	at java.desktop/java.awt.EventQueue.invokeAndWait(EventQueue.java:1361)
	at java.desktop/java.awt.EventQueue.invokeAndWait(EventQueue.java:1342)
	at java.desktop/javax.swing.SwingUtilities.invokeAndWait(SwingUtilities.java:1480)
	at org.apache.jmeter.util.JMeterUtils.runSafe(JMeterUtils.java:1322)
	at org.apache.jmeter.visualizers.ViewResultsFullVisualizer.add(ViewResultsFullVisualizer.java:134)
	at org.apache.jmeter.reporters.ResultCollector.sendToVisualizer(ResultCollector.java:595)
	at org.apache.jmeter.reporters.ResultCollector.sampleOccurred(ResultCollector.java:571)
	at org.apache.jmeter.threads.ListenerNotifier.notifyListeners(ListenerNotifier.java:84)
	at org.apache.jmeter.threads.JMeterThread.notifyListeners(JMeterThread.java:796)
	at org.apache.jmeter.threads.JMeterThread.process_sampler(JMeterThread.java:456)
	at org.apache.jmeter.threads.JMeterThread.run(JMeterThread.java:261)
	at java.base/java.lang.Thread.run(Thread.java:829)

2024/02/07 15:27:02 WARN  - jmeter.util.JMeterUtils: Interrupted in thread Thread Group 1-9 java.lang.InterruptedException
	at java.base/java.lang.Object.wait(Native Method)
	at java.base/java.lang.Object.wait(Object.java:328)
	at java.desktop/java.awt.EventQueue.invokeAndWait(EventQueue.java:1361)
	at java.desktop/java.awt.EventQueue.invokeAndWait(EventQueue.java:1342)
	at java.desktop/javax.swing.SwingUtilities.invokeAndWait(SwingUtilities.java:1480)
	at org.apache.jmeter.util.JMeterUtils.runSafe(JMeterUtils.java:1322)
	at org.apache.jmeter.visualizers.ViewResultsFullVisualizer.add(ViewResultsFullVisualizer.java:134)
	at org.apache.jmeter.reporters.ResultCollector.sendToVisualizer(ResultCollector.java:595)
	at org.apache.jmeter.reporters.ResultCollector.sampleOccurred(ResultCollector.java:571)
	at org.apache.jmeter.threads.ListenerNotifier.notifyListeners(ListenerNotifier.java:84)
	at org.apache.jmeter.threads.JMeterThread.notifyListeners(JMeterThread.java:796)
	at org.apache.jmeter.threads.JMeterThread.process_sampler(JMeterThread.java:456)
	at org.apache.jmeter.threads.JMeterThread.run(JMeterThread.java:261)
	at java.base/java.lang.Thread.run(Thread.java:829)

2024/02/07 15:27:02 WARN  - jmeter.util.JMeterUtils: Interrupted in thread Thread Group 1-2 java.lang.InterruptedException
	at java.base/java.lang.Object.wait(Native Method)
	at java.base/java.lang.Object.wait(Object.java:328)
	at java.desktop/java.awt.EventQueue.invokeAndWait(EventQueue.java:1361)
	at java.desktop/java.awt.EventQueue.invokeAndWait(EventQueue.java:1342)
	at java.desktop/javax.swing.SwingUtilities.invokeAndWait(SwingUtilities.java:1480)
	at org.apache.jmeter.util.JMeterUtils.runSafe(JMeterUtils.java:1322)
	at org.apache.jmeter.visualizers.ViewResultsFullVisualizer.add(ViewResultsFullVisualizer.java:134)
	at org.apache.jmeter.reporters.ResultCollector.sendToVisualizer(ResultCollector.java:595)
	at org.apache.jmeter.reporters.ResultCollector.sampleOccurred(ResultCollector.java:571)
	at org.apache.jmeter.threads.ListenerNotifier.notifyListeners(ListenerNotifier.java:84)
	at org.apache.jmeter.threads.JMeterThread.notifyListeners(JMeterThread.java:796)
	at org.apache.jmeter.threads.JMeterThread.process_sampler(JMeterThread.java:456)
	at org.apache.jmeter.threads.JMeterThread.run(JMeterThread.java:261)
	at java.base/java.lang.Thread.run(Thread.java:829)

2024/02/07 15:27:02 INFO  - jmeter.threads.JMeterThread: Thread finished: Thread Group 1-2 
2024/02/07 15:27:02 INFO  - jmeter.threads.JMeterThread: Thread finished: Thread Group 1-9 
2024/02/07 15:27:02 INFO  - jmeter.threads.JMeterThread: Thread finished: Thread Group 1-7 
2024/02/07 15:27:02 INFO  - jmeter.threads.JMeterThread: Thread finished: Thread Group 1-4 
2024/02/07 15:27:02 WARN  - jmeter.util.JMeterUtils: Interrupted in thread Thread Group 1-1 java.lang.InterruptedException
	at java.base/java.lang.Object.wait(Native Method)
	at java.base/java.lang.Object.wait(Object.java:328)
	at java.desktop/java.awt.EventQueue.invokeAndWait(EventQueue.java:1361)
	at java.desktop/java.awt.EventQueue.invokeAndWait(EventQueue.java:1342)
	at java.desktop/javax.swing.SwingUtilities.invokeAndWait(SwingUtilities.java:1480)
	at org.apache.jmeter.util.JMeterUtils.runSafe(JMeterUtils.java:1322)
	at org.apache.jmeter.visualizers.ViewResultsFullVisualizer.add(ViewResultsFullVisualizer.java:134)
	at org.apache.jmeter.reporters.ResultCollector.sendToVisualizer(ResultCollector.java:595)
	at org.apache.jmeter.reporters.ResultCollector.sampleOccurred(ResultCollector.java:571)
	at org.apache.jmeter.threads.ListenerNotifier.notifyListeners(ListenerNotifier.java:84)
	at org.apache.jmeter.threads.JMeterThread.notifyListeners(JMeterThread.java:796)
	at org.apache.jmeter.threads.JMeterThread.process_sampler(JMeterThread.java:456)
	at org.apache.jmeter.threads.JMeterThread.run(JMeterThread.java:261)
	at java.base/java.lang.Thread.run(Thread.java:829)

2024/02/07 15:27:02 INFO  - jmeter.threads.JMeterThread: Stopping: Thread Group 1-3 
2024/02/07 15:27:02 INFO  - jmeter.threads.JMeterThread: Thread finished: Thread Group 1-1 
2024/02/07 15:27:02 INFO  - jmeter.threads.JMeterThread: Stopping: Thread Group 1-5 
2024/02/07 15:27:02 WARN  - jmeter.util.JMeterUtils: Interrupted in thread Thread Group 1-3 java.lang.InterruptedException
	at java.base/java.lang.Object.wait(Native Method)
	at java.base/java.lang.Object.wait(Object.java:328)
	at java.desktop/java.awt.EventQueue.invokeAndWait(EventQueue.java:1361)
	at java.desktop/java.awt.EventQueue.invokeAndWait(EventQueue.java:1342)
	at java.desktop/javax.swing.SwingUtilities.invokeAndWait(SwingUtilities.java:1480)
	at org.apache.jmeter.util.JMeterUtils.runSafe(JMeterUtils.java:1322)
	at org.apache.jmeter.visualizers.ViewResultsFullVisualizer.add(ViewResultsFullVisualizer.java:134)
	at org.apache.jmeter.reporters.ResultCollector.sendToVisualizer(ResultCollector.java:595)
	at org.apache.jmeter.reporters.ResultCollector.sampleOccurred(ResultCollector.java:571)
	at org.apache.jmeter.threads.ListenerNotifier.notifyListeners(ListenerNotifier.java:84)
	at org.apache.jmeter.threads.JMeterThread.notifyListeners(JMeterThread.java:796)
	at org.apache.jmeter.threads.JMeterThread.process_sampler(JMeterThread.java:456)
	at org.apache.jmeter.threads.JMeterThread.run(JMeterThread.java:261)
	at java.base/java.lang.Thread.run(Thread.java:829)

2024/02/07 15:27:02 WARN  - jmeter.util.JMeterUtils: Interrupted in thread Thread Group 1-5 java.lang.InterruptedException
	at java.base/java.lang.Object.wait(Native Method)
	at java.base/java.lang.Object.wait(Object.java:328)
	at java.desktop/java.awt.EventQueue.invokeAndWait(EventQueue.java:1361)
	at java.desktop/java.awt.EventQueue.invokeAndWait(EventQueue.java:1342)
	at java.desktop/javax.swing.SwingUtilities.invokeAndWait(SwingUtilities.java:1480)
	at org.apache.jmeter.util.JMeterUtils.runSafe(JMeterUtils.java:1322)
	at org.apache.jmeter.visualizers.ViewResultsFullVisualizer.add(ViewResultsFullVisualizer.java:134)
	at org.apache.jmeter.reporters.ResultCollector.sendToVisualizer(ResultCollector.java:595)
	at org.apache.jmeter.reporters.ResultCollector.sampleOccurred(ResultCollector.java:571)
	at org.apache.jmeter.threads.ListenerNotifier.notifyListeners(ListenerNotifier.java:84)
	at org.apache.jmeter.threads.JMeterThread.notifyListeners(JMeterThread.java:796)
	at org.apache.jmeter.threads.JMeterThread.process_sampler(JMeterThread.java:456)
	at org.apache.jmeter.threads.JMeterThread.run(JMeterThread.java:261)
	at java.base/java.lang.Thread.run(Thread.java:829)

2024/02/07 15:27:02 INFO  - jmeter.threads.JMeterThread: Stopping: Thread Group 1-6 
2024/02/07 15:27:02 INFO  - jmeter.threads.JMeterThread: Thread finished: Thread Group 1-5 
2024/02/07 15:27:02 INFO  - jmeter.threads.JMeterThread: Stopping: Thread Group 1-8 
2024/02/07 15:27:02 INFO  - jmeter.threads.JMeterThread: Thread finished: Thread Group 1-3 
2024/02/07 15:27:02 WARN  - jmeter.util.JMeterUtils: Interrupted in thread Thread Group 1-8 java.lang.InterruptedException
	at java.base/java.lang.Object.wait(Native Method)
	at java.base/java.lang.Object.wait(Object.java:328)
	at java.desktop/java.awt.EventQueue.invokeAndWait(EventQueue.java:1361)
	at java.desktop/java.awt.EventQueue.invokeAndWait(EventQueue.java:1342)
	at java.desktop/javax.swing.SwingUtilities.invokeAndWait(SwingUtilities.java:1480)
	at org.apache.jmeter.util.JMeterUtils.runSafe(JMeterUtils.java:1322)
	at org.apache.jmeter.visualizers.ViewResultsFullVisualizer.add(ViewResultsFullVisualizer.java:134)
	at org.apache.jmeter.reporters.ResultCollector.sendToVisualizer(ResultCollector.java:595)
	at org.apache.jmeter.reporters.ResultCollector.sampleOccurred(ResultCollector.java:571)
	at org.apache.jmeter.threads.ListenerNotifier.notifyListeners(ListenerNotifier.java:84)
	at org.apache.jmeter.threads.JMeterThread.notifyListeners(JMeterThread.java:796)
	at org.apache.jmeter.threads.JMeterThread.process_sampler(JMeterThread.java:456)
	at org.apache.jmeter.threads.JMeterThread.run(JMeterThread.java:261)
	at java.base/java.lang.Thread.run(Thread.java:829)

2024/02/07 15:27:02 INFO  - jmeter.threads.JMeterThread: Stopping: Thread Group 1-10 
2024/02/07 15:27:02 WARN  - jmeter.util.JMeterUtils: Interrupted in thread Thread Group 1-6 java.lang.InterruptedException
	at java.base/java.lang.Object.wait(Native Method)
	at java.base/java.lang.Object.wait(Object.java:328)
	at java.desktop/java.awt.EventQueue.invokeAndWait(EventQueue.java:1361)
	at java.desktop/java.awt.EventQueue.invokeAndWait(EventQueue.java:1342)
	at java.desktop/javax.swing.SwingUtilities.invokeAndWait(SwingUtilities.java:1480)
	at org.apache.jmeter.util.JMeterUtils.runSafe(JMeterUtils.java:1322)
	at org.apache.jmeter.visualizers.ViewResultsFullVisualizer.add(ViewResultsFullVisualizer.java:134)
	at org.apache.jmeter.reporters.ResultCollector.sendToVisualizer(ResultCollector.java:595)
	at org.apache.jmeter.reporters.ResultCollector.sampleOccurred(ResultCollector.java:571)
	at org.apache.jmeter.threads.ListenerNotifier.notifyListeners(ListenerNotifier.java:84)
	at org.apache.jmeter.threads.JMeterThread.notifyListeners(JMeterThread.java:796)
	at org.apache.jmeter.threads.JMeterThread.process_sampler(JMeterThread.java:456)
	at org.apache.jmeter.threads.JMeterThread.run(JMeterThread.java:261)
	at java.base/java.lang.Thread.run(Thread.java:829)

2024/02/07 15:27:02 WARN  - jmeter.util.JMeterUtils: Interrupted in thread Thread Group 1-10 java.lang.InterruptedException
	at java.base/java.lang.Object.wait(Native Method)
	at java.base/java.lang.Object.wait(Object.java:328)
	at java.desktop/java.awt.EventQueue.invokeAndWait(EventQueue.java:1361)
	at java.desktop/java.awt.EventQueue.invokeAndWait(EventQueue.java:1342)
	at java.desktop/javax.swing.SwingUtilities.invokeAndWait(SwingUtilities.java:1480)
	at org.apache.jmeter.util.JMeterUtils.runSafe(JMeterUtils.java:1322)
	at org.apache.jmeter.visualizers.ViewResultsFullVisualizer.add(ViewResultsFullVisualizer.java:134)
	at org.apache.jmeter.reporters.ResultCollector.sendToVisualizer(ResultCollector.java:595)
	at org.apache.jmeter.reporters.ResultCollector.sampleOccurred(ResultCollector.java:571)
	at org.apache.jmeter.threads.ListenerNotifier.notifyListeners(ListenerNotifier.java:84)
	at org.apache.jmeter.threads.JMeterThread.notifyListeners(JMeterThread.java:796)
	at org.apache.jmeter.threads.JMeterThread.process_sampler(JMeterThread.java:456)
	at org.apache.jmeter.threads.JMeterThread.run(JMeterThread.java:261)
	at java.base/java.lang.Thread.run(Thread.java:829)

2024/02/07 15:27:02 INFO  - jmeter.threads.JMeterThread: Thread finished: Thread Group 1-8 
2024/02/07 15:27:02 INFO  - jmeter.threads.JMeterThread: Thread finished: Thread Group 1-10 
2024/02/07 15:27:02 INFO  - jmeter.threads.JMeterThread: Thread finished: Thread Group 1-6 
2024/02/07 15:27:02 INFO  - jmeter.engine.StandardJMeterEngine: Notifying test listeners of end of test 
2024/02/07 15:27:02 INFO  - jmeter.gui.util.JMeterMenuBar: setRunning(false,*local*) 
